  [1m[36m (1.2ms)[0m  [1mCREATE TABLE "schema_migrations" ("version" varchar NOT NULL) [0m
  [1m[35m (0.0ms)[0m  select sqlite_version(*)
  [1m[36m (1.0ms)[0m  [1mCREATE UNIQUE INDEX "unique_schema_migrations" ON "schema_migrations" ("version")[0m
  [1m[35mActiveRecord::SchemaMigration Load (0.1ms)[0m  SELECT "schema_migrations".* FROM "schema_migrations"
  [1m[36mActiveRecord::SchemaMigration Load (0.1ms)[0m  [1mSELECT "schema_migrations".* FROM "schema_migrations"[0m
Migrating to CreatePosts (20151230232412)
  [1m[35m (0.1ms)[0m  begin transaction
  [1m[36m (0.4ms)[0m  [1mCREATE TABLE "posts" ("id" INTEGER PRIMARY KEY AUTOINCREMENT NOT NULL, "title" varchar, "description" text, "created_at" datetime NOT NULL, "updated_at" datetime NOT NULL) [0m
  [1m[35mSQL (0.2ms)[0m  INSERT INTO "schema_migrations" ("version") VALUES (?)  [["version", "20151230232412"]]
  [1m[36m (1.3ms)[0m  [1mcommit transaction[0m
  [1m[35mActiveRecord::SchemaMigration Load (0.1ms)[0m  SELECT "schema_migrations".* FROM "schema_migrations"


Started GET "/" for 107.197.153.227 at 2018-03-08 03:05:29 +0000
  [1m[36mActiveRecord::SchemaMigration Load (0.2ms)[0m  [1mSELECT "schema_migrations".* FROM "schema_migrations"[0m
Processing by Rails::WelcomeController#index as HTML
  Rendered /usr/local/rvm/gems/ruby-2.3.1/gems/railties-4.2.10/lib/rails/templates/rails/welcome/index.html.erb (1.6ms)
Completed 200 OK in 20ms (Views: 9.9ms | ActiveRecord: 0.0ms)


Started GET "/posts/1" for 107.197.153.227 at 2018-03-08 03:05:47 +0000
Processing by PostsController#show as HTML
  Parameters: {"id"=>"1"}
  [1m[35mPost Load (0.3ms)[0m  SELECT  "posts".* FROM "posts" WHERE (1) LIMIT 1
  Rendered posts/show.html.erb within layouts/application (0.5ms)
Completed 200 OK in 924ms (Views: 918.1ms | ActiveRecord: 0.5ms)


Started GET "/assets/application.self-e80e8f2318043e8af94dddc2adad5a4f09739a8ebb323b3ab31cd71d45fd9113.css?body=1" for 107.197.153.227 at 2018-03-08 03:05:48 +0000


Started GET "/assets/jquery.self-bd7ddd393353a8d2480a622e80342adf488fb6006d667e8b42e4c0073393abee.js?body=1" for 107.197.153.227 at 2018-03-08 03:05:48 +0000


Started GET "/assets/jquery_ujs.self-784a997f6726036b1993eb2217c9cb558e1cbb801c6da88105588c56f13b466a.js?body=1" for 107.197.153.227 at 2018-03-08 03:05:48 +0000


Started GET "/assets/turbolinks.self-2db6ec539b9190f75e1d477b305df53d12904d5cafdd47c7ffd91ba25cbec128.js?body=1" for 107.197.153.227 at 2018-03-08 03:05:48 +0000


Started GET "/assets/application.self-3b8dabdc891efe46b9a144b400ad69e37d7e5876bdc39dee783419a69d7ca819.js?body=1" for 107.197.153.227 at 2018-03-08 03:05:48 +0000


Started GET "/posts/1" for 107.197.153.227 at 2018-03-08 03:06:13 +0000
Processing by PostsController#show as HTML
  Parameters: {"id"=>"1"}
  [1m[36mPost Load (0.4ms)[0m  [1mSELECT  "posts".* FROM "posts" WHERE (1) LIMIT 1[0m
  Rendered posts/show.html.erb within layouts/application (0.6ms)
Completed 200 OK in 43ms (Views: 17.9ms | ActiveRecord: 0.6ms)


Started GET "/posts/1" for 107.197.153.227 at 2018-03-08 03:06:30 +0000
Processing by PostsController#show as HTML
  Parameters: {"id"=>"1"}
  [1m[35mPost Load (0.3ms)[0m  SELECT  "posts".* FROM "posts" WHERE (1) LIMIT 1
  Rendered posts/show.html.erb within layouts/application (4.1ms)
Completed 500 Internal Server Error in 40ms (ActiveRecord: 0.3ms)

ActionView::Template::Error (undefined method `title' for nil:NilClass):
    1: <%= content_tag(:h1, @post.title) %>
  app/views/posts/show.html.erb:1:in `_app_views_posts_show_html_erb___2282624518567785168_70219743030780'


  Rendered /usr/local/rvm/gems/ruby-2.3.1/gems/actionpack-4.2.10/lib/action_dispatch/middleware/templates/rescues/_source.erb (5.7ms)
  Rendered /usr/local/rvm/gems/ruby-2.3.1/gems/actionpack-4.2.10/lib/action_dispatch/middleware/templates/rescues/_trace.html.erb (2.6ms)
  Rendered /usr/local/rvm/gems/ruby-2.3.1/gems/actionpack-4.2.10/lib/action_dispatch/middleware/templates/rescues/_request_and_response.html.erb (53.3ms)
  Rendered /usr/local/rvm/gems/ruby-2.3.1/gems/actionpack-4.2.10/lib/action_dispatch/middleware/templates/rescues/template_error.html.erb within rescues/layout (79.6ms)
